Arguments: 
  /usr/local/bin/node /usr/local/bin/yarn add react-native --exact

PATH: 
  /Users/feargalwalsh/.rvm/gems/ruby-2.3.1/bin:/Users/feargalwalsh/.rvm/gems/ruby-2.3.1@global/bin:/Users/feargalwalsh/.rvm/rubies/ruby-2.3.1/bin:/Users/feargalwalsh/bin:/usr/local/bin:/usr/local/bin:/usr/bin:/bin:/usr/sbin:/sbin:/usr/local/go/bin:/Library/Frameworks/Mono.framework/Versions/Current/Commands:/Users/feargalwalsh/.rvm/bin

Yarn version: 
  0.23.4

Node version: 
  4.5.0

Platform: 
  darwin x64

npm manifest: 
  {"name":"propsComponents","version":"0.0.1","private":true,"scripts":{"start":"node node_modules/react-native/local-cli/cli.js start"}}

yarn manifest: 
  No manifest

Lockfile: 
  No lockfile

Trace: 
  Error: write EADDRNOTAVAIL
      at exports._errnoException (util.js:907:11)
      at WriteWrap.afterWrite (net.js:785:14)
